2020-05-12 18:07:10.674  INFO 15364 --- [restartedMain] s.b.e.j.SpringBootEmploeeJdbcApplication : Starting SpringBootEmploeeJdbcApplication on DESKTOP-B5RKS3N with PID 15364 (H:\workspace-springboot\BranchSpringBootEmploeeJDBCRestAPI\target\classes started by Owner in H:\workspace-springboot\BranchSpringBootEmploeeJDBCRestAPI)
2020-05-12 18:07:10.674  INFO 15364 --- [restartedMain] s.b.e.j.SpringBootEmploeeJdbcApplication : No active profile set, falling back to default profiles: default
2020-05-12 18:07:10.743  INFO 15364 --- [restartedMain] .e.DevToolsPropertyDefaultsPostProcessor : Devtools property defaults active! Set 'spring.devtools.add-properties' to 'false' to disable
2020-05-12 18:07:10.743  INFO 15364 --- [restartedMain] .e.DevToolsPropertyDefaultsPostProcessor : For additional web related logging consider setting the 'logging.level.web' property to 'DEBUG'
2020-05-12 18:07:12.226  INFO 15364 --- [restartedMain] o.s.b.w.embedded.tomcat.TomcatWebServer  : Tomcat initialized with port(s): 8080 (http)
2020-05-12 18:07:12.250  INFO 15364 --- [restartedMain] o.apache.catalina.core.StandardService   : Starting service [Tomcat]
2020-05-12 18:07:12.250  INFO 15364 --- [restartedMain] org.apache.catalina.core.StandardEngine  : Starting Servlet engine: [Apache Tomcat/9.0.33]
2020-05-12 18:07:12.253  INFO 15364 --- [restartedMain] o.a.catalina.core.AprLifecycleListener   : An older version [1.2.16] of the APR based Apache Tomcat Native library is installed, while Tomcat recommends a minimum version of [1.2.23]
2020-05-12 18:07:12.254  INFO 15364 --- [restartedMain] o.a.catalina.core.AprLifecycleListener   : Loaded APR based Apache Tomcat Native library [1.2.16] using APR version [1.6.3].
2020-05-12 18:07:12.254  INFO 15364 --- [restartedMain] o.a.catalina.core.AprLifecycleListener   : APR capabilities: IPv6 [true], sendfile [true], accept filters [false], random [true].
2020-05-12 18:07:12.255  INFO 15364 --- [restartedMain] o.a.catalina.core.AprLifecycleListener   : APR/OpenSSL configuration: useAprConnector [false], useOpenSSL [true]
2020-05-12 18:07:13.337  INFO 15364 --- [restartedMain] o.a.catalina.core.AprLifecycleListener   : OpenSSL successfully initialized [OpenSSL 1.0.2m  2 Nov 2017]
2020-05-12 18:07:13.853  INFO 15364 --- [restartedMain] org.apache.jasper.servlet.TldScanner     : At least one JAR was scanned for TLDs yet contained no TLDs. Enable debug logging for this logger for a complete list of JARs that were scanned but no TLDs were found in them. Skipping unneeded JARs during scanning can improve startup time and JSP compilation time.
2020-05-12 18:07:13.890  INFO 15364 --- [restartedMain] o.a.c.c.C.[Tomcat].[localhost].[/]       : Initializing Spring embedded WebApplicationContext
2020-05-12 18:07:13.891  INFO 15364 --- [restartedMain] o.s.web.context.ContextLoader            : Root WebApplicationContext: initialization completed in 3147 ms
2020-05-12 18:07:14.220  INFO 15364 --- [restartedMain] o.s.s.concurrent.ThreadPoolTaskExecutor  : Initializing ExecutorService 'applicationTaskExecutor'
2020-05-12 18:07:14.478  INFO 15364 --- [restartedMain] o.s.b.d.a.OptionalLiveReloadServer       : LiveReload server is running on port 35729
2020-05-12 18:07:14.595  INFO 15364 --- [restartedMain] o.s.b.w.embedded.tomcat.TomcatWebServer  : Tomcat started on port(s): 8080 (http) with context path ''
2020-05-12 18:07:14.610  INFO 15364 --- [restartedMain] s.b.e.j.SpringBootEmploeeJdbcApplication : Started SpringBootEmploeeJdbcApplication in 4.449 seconds (JVM running for 5.942)
2020-05-12 18:07:14.610 ERROR 15364 --- [restartedMain] s.b.e.j.SpringBootEmploeeJdbcApplication : Message logged at error level
2020-05-12 18:07:14.610  WARN 15364 --- [restartedMain] s.b.e.j.SpringBootEmploeeJdbcApplication : Message logged at warn level
2020-05-12 18:07:14.610  INFO 15364 --- [restartedMain] s.b.e.j.SpringBootEmploeeJdbcApplication : Message logged at info level
2020-05-12 18:07:22.218  INFO 15364 --- [Thread-5] o.s.s.concurrent.ThreadPoolTaskExecutor  : Shutting down ExecutorService 'applicationTaskExecutor'
2020-05-12 18:07:22.755  INFO 15364 --- [restartedMain] s.b.e.j.SpringBootEmploeeJdbcApplication : Starting SpringBootEmploeeJdbcApplication on DESKTOP-B5RKS3N with PID 15364 (H:\workspace-springboot\BranchSpringBootEmploeeJDBCRestAPI\target\classes started by Owner in H:\workspace-springboot\BranchSpringBootEmploeeJDBCRestAPI)
2020-05-12 18:07:22.756  INFO 15364 --- [restartedMain] s.b.e.j.SpringBootEmploeeJdbcApplication : No active profile set, falling back to default profiles: default
2020-05-12 18:07:22.787  WARN 15364 --- [restartedMain] ConfigServletWebServerApplicationContext : Exception encountered during context initialization - cancelling refresh attempt: org.springframework.beans.factory.BeanDefinitionStoreException: Failed to parse configuration class [io.spring.boot.employee.jdbc.SpringBootEmploeeJdbcApplication]; nested exception is org.springframework.context.annotation.ConflictingBeanDefinitionException: Annotation-specified bean name 'employeeController' for bean class [io.spring.boot.employee.jdbc.controller.EmployeeController] conflicts with existing, non-compatible bean definition of same name and class [io.spring.boot.employee.jdbc.EmployeeController]
2020-05-12 18:07:22.787 ERROR 15364 --- [restartedMain] o.s.boot.SpringApplication               : Application run failed

org.springframework.beans.factory.BeanDefinitionStoreException: Failed to parse configuration class [io.spring.boot.employee.jdbc.SpringBootEmploeeJdbcApplication]; nested exception is org.springframework.context.annotation.ConflictingBeanDefinitionException: Annotation-specified bean name 'employeeController' for bean class [io.spring.boot.employee.jdbc.controller.EmployeeController] conflicts with existing, non-compatible bean definition of same name and class [io.spring.boot.employee.jdbc.EmployeeController]
	at org.springframework.context.annotation.ConfigurationClassParser.parse(ConfigurationClassParser.java:188) ~[spring-context-5.2.5.RELEASE.jar:5.2.5.RELEASE]
	at org.springframework.context.annotation.ConfigurationClassPostProcessor.processConfigBeanDefinitions(ConfigurationClassPostProcessor.java:319) ~[spring-context-5.2.5.RELEASE.jar:5.2.5.RELEASE]
	at org.springframework.context.annotation.ConfigurationClassPostProcessor.postProcessBeanDefinitionRegistry(ConfigurationClassPostProcessor.java:236) ~[spring-context-5.2.5.RELEASE.jar:5.2.5.RELEASE]
	at org.springframework.context.support.PostProcessorRegistrationDelegate.invokeBeanDefinitionRegistryPostProcessors(PostProcessorRegistrationDelegate.java:275) ~[spring-context-5.2.5.RELEASE.jar:5.2.5.RELEASE]
	at org.springframework.context.support.PostProcessorRegistrationDelegate.invokeBeanFactoryPostProcessors(PostProcessorRegistrationDelegate.java:95) ~[spring-context-5.2.5.RELEASE.jar:5.2.5.RELEASE]
	at org.springframework.context.support.AbstractApplicationContext.invokeBeanFactoryPostProcessors(AbstractApplicationContext.java:706) ~[spring-context-5.2.5.RELEASE.jar:5.2.5.RELEASE]
	at org.springframework.context.support.AbstractApplicationContext.refresh(AbstractApplicationContext.java:532) ~[spring-context-5.2.5.RELEASE.jar:5.2.5.RELEASE]
	at org.springframework.boot.web.servlet.context.ServletWebServerApplicationContext.refresh(ServletWebServerApplicationContext.java:141) ~[spring-boot-2.2.6.RELEASE.jar:2.2.6.RELEASE]
	at org.springframework.boot.SpringApplication.refresh(SpringApplication.java:747) [spring-boot-2.2.6.RELEASE.jar:2.2.6.RELEASE]
	at org.springframework.boot.SpringApplication.refreshContext(SpringApplication.java:397) [spring-boot-2.2.6.RELEASE.jar:2.2.6.RELEASE]
	at org.springframework.boot.SpringApplication.run(SpringApplication.java:315) [spring-boot-2.2.6.RELEASE.jar:2.2.6.RELEASE]
	at org.springframework.boot.SpringApplication.run(SpringApplication.java:1226) [spring-boot-2.2.6.RELEASE.jar:2.2.6.RELEASE]
	at org.springframework.boot.SpringApplication.run(SpringApplication.java:1215) [spring-boot-2.2.6.RELEASE.jar:2.2.6.RELEASE]
	at io.spring.boot.employee.jdbc.SpringBootEmploeeJdbcApplication.main(SpringBootEmploeeJdbcApplication.java:15) [classes/:na]
	at java.base/jdk.internal.reflect.NativeMethodAccessorImpl.invoke0(Native Method) ~[na:na]
	at java.base/jdk.internal.reflect.NativeMethodAccessorImpl.invoke(NativeMethodAccessorImpl.java:62) ~[na:na]
	at java.base/jdk.internal.reflect.DelegatingMethodAccessorImpl.invoke(DelegatingMethodAccessorImpl.java:43) ~[na:na]
	at java.base/java.lang.reflect.Method.invoke(Method.java:564) ~[na:na]
	at org.springframework.boot.devtools.restart.RestartLauncher.run(RestartLauncher.java:49) [spring-boot-devtools-2.2.6.RELEASE.jar:2.2.6.RELEASE]
Caused by: org.springframework.context.annotation.ConflictingBeanDefinitionException: Annotation-specified bean name 'employeeController' for bean class [io.spring.boot.employee.jdbc.controller.EmployeeController] conflicts with existing, non-compatible bean definition of same name and class [io.spring.boot.employee.jdbc.EmployeeController]
	at org.springframework.context.annotation.ClassPathBeanDefinitionScanner.checkCandidate(ClassPathBeanDefinitionScanner.java:349) ~[spring-context-5.2.5.RELEASE.jar:5.2.5.RELEASE]
	at org.springframework.context.annotation.ClassPathBeanDefinitionScanner.doScan(ClassPathBeanDefinitionScanner.java:287) ~[spring-context-5.2.5.RELEASE.jar:5.2.5.RELEASE]
	at org.springframework.context.annotation.ComponentScanAnnotationParser.parse(ComponentScanAnnotationParser.java:132) ~[spring-context-5.2.5.RELEASE.jar:5.2.5.RELEASE]
	at org.springframework.context.annotation.ConfigurationClassParser.doProcessConfigurationClass(ConfigurationClassParser.java:295) ~[spring-context-5.2.5.RELEASE.jar:5.2.5.RELEASE]
	at org.springframework.context.annotation.ConfigurationClassParser.processConfigurationClass(ConfigurationClassParser.java:249) ~[spring-context-5.2.5.RELEASE.jar:5.2.5.RELEASE]
	at org.springframework.context.annotation.ConfigurationClassParser.parse(ConfigurationClassParser.java:206) ~[spring-context-5.2.5.RELEASE.jar:5.2.5.RELEASE]
	at org.springframework.context.annotation.ConfigurationClassParser.parse(ConfigurationClassParser.java:174) ~[spring-context-5.2.5.RELEASE.jar:5.2.5.RELEASE]
	... 18 common frames omitted

2020-05-12 18:10:35.613  INFO 15364 --- [restartedMain] s.b.e.j.SpringBootEmploeeJdbcApplication : Starting SpringBootEmploeeJdbcApplication on DESKTOP-B5RKS3N with PID 15364 (H:\workspace-springboot\BranchSpringBootEmploeeJDBCRestAPI\target\classes started by Owner in H:\workspace-springboot\BranchSpringBootEmploeeJDBCRestAPI)
2020-05-12 18:10:35.613  INFO 15364 --- [restartedMain] s.b.e.j.SpringBootEmploeeJdbcApplication : No active profile set, falling back to default profiles: default
2020-05-12 18:10:35.645  WARN 15364 --- [restartedMain] ConfigServletWebServerApplicationContext : Exception encountered during context initialization - cancelling refresh attempt: org.springframework.beans.factory.BeanDefinitionStoreException: Failed to parse configuration class [io.spring.boot.employee.jdbc.SpringBootEmploeeJdbcApplication]; nested exception is org.springframework.context.annotation.ConflictingBeanDefinitionException: Annotation-specified bean name 'employeeController' for bean class [io.spring.boot.employee.jdbc.controller.EmployeeController] conflicts with existing, non-compatible bean definition of same name and class [io.spring.boot.employee.jdbc.EmployeeController]
2020-05-12 18:10:35.645 ERROR 15364 --- [restartedMain] o.s.boot.SpringApplication               : Application run failed

org.springframework.beans.factory.BeanDefinitionStoreException: Failed to parse configuration class [io.spring.boot.employee.jdbc.SpringBootEmploeeJdbcApplication]; nested exception is org.springframework.context.annotation.ConflictingBeanDefinitionException: Annotation-specified bean name 'employeeController' for bean class [io.spring.boot.employee.jdbc.controller.EmployeeController] conflicts with existing, non-compatible bean definition of same name and class [io.spring.boot.employee.jdbc.EmployeeController]
	at org.springframework.context.annotation.ConfigurationClassParser.parse(ConfigurationClassParser.java:188) ~[spring-context-5.2.5.RELEASE.jar:5.2.5.RELEASE]
	at org.springframework.context.annotation.ConfigurationClassPostProcessor.processConfigBeanDefinitions(ConfigurationClassPostProcessor.java:319) ~[spring-context-5.2.5.RELEASE.jar:5.2.5.RELEASE]
	at org.springframework.context.annotation.ConfigurationClassPostProcessor.postProcessBeanDefinitionRegistry(ConfigurationClassPostProcessor.java:236) ~[spring-context-5.2.5.RELEASE.jar:5.2.5.RELEASE]
	at org.springframework.context.support.PostProcessorRegistrationDelegate.invokeBeanDefinitionRegistryPostProcessors(PostProcessorRegistrationDelegate.java:275) ~[spring-context-5.2.5.RELEASE.jar:5.2.5.RELEASE]
	at org.springframework.context.support.PostProcessorRegistrationDelegate.invokeBeanFactoryPostProcessors(PostProcessorRegistrationDelegate.java:95) ~[spring-context-5.2.5.RELEASE.jar:5.2.5.RELEASE]
	at org.springframework.context.support.AbstractApplicationContext.invokeBeanFactoryPostProcessors(AbstractApplicationContext.java:706) ~[spring-context-5.2.5.RELEASE.jar:5.2.5.RELEASE]
	at org.springframework.context.support.AbstractApplicationContext.refresh(AbstractApplicationContext.java:532) ~[spring-context-5.2.5.RELEASE.jar:5.2.5.RELEASE]
	at org.springframework.boot.web.servlet.context.ServletWebServerApplicationContext.refresh(ServletWebServerApplicationContext.java:141) ~[spring-boot-2.2.6.RELEASE.jar:2.2.6.RELEASE]
	at org.springframework.boot.SpringApplication.refresh(SpringApplication.java:747) [spring-boot-2.2.6.RELEASE.jar:2.2.6.RELEASE]
	at org.springframework.boot.SpringApplication.refreshContext(SpringApplication.java:397) [spring-boot-2.2.6.RELEASE.jar:2.2.6.RELEASE]
	at org.springframework.boot.SpringApplication.run(SpringApplication.java:315) [spring-boot-2.2.6.RELEASE.jar:2.2.6.RELEASE]
	at org.springframework.boot.SpringApplication.run(SpringApplication.java:1226) [spring-boot-2.2.6.RELEASE.jar:2.2.6.RELEASE]
	at org.springframework.boot.SpringApplication.run(SpringApplication.java:1215) [spring-boot-2.2.6.RELEASE.jar:2.2.6.RELEASE]
	at io.spring.boot.employee.jdbc.SpringBootEmploeeJdbcApplication.main(SpringBootEmploeeJdbcApplication.java:15) [classes/:na]
	at java.base/jdk.internal.reflect.NativeMethodAccessorImpl.invoke0(Native Method) ~[na:na]
	at java.base/jdk.internal.reflect.NativeMethodAccessorImpl.invoke(NativeMethodAccessorImpl.java:62) ~[na:na]
	at java.base/jdk.internal.reflect.DelegatingMethodAccessorImpl.invoke(DelegatingMethodAccessorImpl.java:43) ~[na:na]
	at java.base/java.lang.reflect.Method.invoke(Method.java:564) ~[na:na]
	at org.springframework.boot.devtools.restart.RestartLauncher.run(RestartLauncher.java:49) [spring-boot-devtools-2.2.6.RELEASE.jar:2.2.6.RELEASE]
Caused by: org.springframework.context.annotation.ConflictingBeanDefinitionException: Annotation-specified bean name 'employeeController' for bean class [io.spring.boot.employee.jdbc.controller.EmployeeController] conflicts with existing, non-compatible bean definition of same name and class [io.spring.boot.employee.jdbc.EmployeeController]
	at org.springframework.context.annotation.ClassPathBeanDefinitionScanner.checkCandidate(ClassPathBeanDefinitionScanner.java:349) ~[spring-context-5.2.5.RELEASE.jar:5.2.5.RELEASE]
	at org.springframework.context.annotation.ClassPathBeanDefinitionScanner.doScan(ClassPathBeanDefinitionScanner.java:287) ~[spring-context-5.2.5.RELEASE.jar:5.2.5.RELEASE]
	at org.springframework.context.annotation.ComponentScanAnnotationParser.parse(ComponentScanAnnotationParser.java:132) ~[spring-context-5.2.5.RELEASE.jar:5.2.5.RELEASE]
	at org.springframework.context.annotation.ConfigurationClassParser.doProcessConfigurationClass(ConfigurationClassParser.java:295) ~[spring-context-5.2.5.RELEASE.jar:5.2.5.RELEASE]
	at org.springframework.context.annotation.ConfigurationClassParser.processConfigurationClass(ConfigurationClassParser.java:249) ~[spring-context-5.2.5.RELEASE.jar:5.2.5.RELEASE]
	at org.springframework.context.annotation.ConfigurationClassParser.parse(ConfigurationClassParser.java:206) ~[spring-context-5.2.5.RELEASE.jar:5.2.5.RELEASE]
	at org.springframework.context.annotation.ConfigurationClassParser.parse(ConfigurationClassParser.java:174) ~[spring-context-5.2.5.RELEASE.jar:5.2.5.RELEASE]
	... 18 common frames omitted

2020-05-12 18:11:22.364  INFO 15364 --- [restartedMain] s.b.e.j.SpringBootEmploeeJdbcApplication : Starting SpringBootEmploeeJdbcApplication on DESKTOP-B5RKS3N with PID 15364 (H:\workspace-springboot\BranchSpringBootEmploeeJDBCRestAPI\target\classes started by Owner in H:\workspace-springboot\BranchSpringBootEmploeeJDBCRestAPI)
2020-05-12 18:11:22.364  INFO 15364 --- [restartedMain] s.b.e.j.SpringBootEmploeeJdbcApplication : No active profile set, falling back to default profiles: default
2020-05-12 18:11:22.401  WARN 15364 --- [restartedMain] ConfigServletWebServerApplicationContext : Exception encountered during context initialization - cancelling refresh attempt: org.springframework.beans.factory.BeanDefinitionStoreException: Failed to parse configuration class [io.spring.boot.employee.jdbc.SpringBootEmploeeJdbcApplication]; nested exception is org.springframework.context.annotation.ConflictingBeanDefinitionException: Annotation-specified bean name 'employeeController' for bean class [io.spring.boot.employee.jdbc.controller.EmployeeController] conflicts with existing, non-compatible bean definition of same name and class [io.spring.boot.employee.jdbc.EmployeeController]
2020-05-12 18:11:22.403 ERROR 15364 --- [restartedMain] o.s.boot.SpringApplication               : Application run failed

org.springframework.beans.factory.BeanDefinitionStoreException: Failed to parse configuration class [io.spring.boot.employee.jdbc.SpringBootEmploeeJdbcApplication]; nested exception is org.springframework.context.annotation.ConflictingBeanDefinitionException: Annotation-specified bean name 'employeeController' for bean class [io.spring.boot.employee.jdbc.controller.EmployeeController] conflicts with existing, non-compatible bean definition of same name and class [io.spring.boot.employee.jdbc.EmployeeController]
	at org.springframework.context.annotation.ConfigurationClassParser.parse(ConfigurationClassParser.java:188) ~[spring-context-5.2.5.RELEASE.jar:5.2.5.RELEASE]
	at org.springframework.context.annotation.ConfigurationClassPostProcessor.processConfigBeanDefinitions(ConfigurationClassPostProcessor.java:319) ~[spring-context-5.2.5.RELEASE.jar:5.2.5.RELEASE]
	at org.springframework.context.annotation.ConfigurationClassPostProcessor.postProcessBeanDefinitionRegistry(ConfigurationClassPostProcessor.java:236) ~[spring-context-5.2.5.RELEASE.jar:5.2.5.RELEASE]
	at org.springframework.context.support.PostProcessorRegistrationDelegate.invokeBeanDefinitionRegistryPostProcessors(PostProcessorRegistrationDelegate.java:275) ~[spring-context-5.2.5.RELEASE.jar:5.2.5.RELEASE]
	at org.springframework.context.support.PostProcessorRegistrationDelegate.invokeBeanFactoryPostProcessors(PostProcessorRegistrationDelegate.java:95) ~[spring-context-5.2.5.RELEASE.jar:5.2.5.RELEASE]
	at org.springframework.context.support.AbstractApplicationContext.invokeBeanFactoryPostProcessors(AbstractApplicationContext.java:706) ~[spring-context-5.2.5.RELEASE.jar:5.2.5.RELEASE]
	at org.springframework.context.support.AbstractApplicationContext.refresh(AbstractApplicationContext.java:532) ~[spring-context-5.2.5.RELEASE.jar:5.2.5.RELEASE]
	at org.springframework.boot.web.servlet.context.ServletWebServerApplicationContext.refresh(ServletWebServerApplicationContext.java:141) ~[spring-boot-2.2.6.RELEASE.jar:2.2.6.RELEASE]
	at org.springframework.boot.SpringApplication.refresh(SpringApplication.java:747) [spring-boot-2.2.6.RELEASE.jar:2.2.6.RELEASE]
	at org.springframework.boot.SpringApplication.refreshContext(SpringApplication.java:397) [spring-boot-2.2.6.RELEASE.jar:2.2.6.RELEASE]
	at org.springframework.boot.SpringApplication.run(SpringApplication.java:315) [spring-boot-2.2.6.RELEASE.jar:2.2.6.RELEASE]
	at org.springframework.boot.SpringApplication.run(SpringApplication.java:1226) [spring-boot-2.2.6.RELEASE.jar:2.2.6.RELEASE]
	at org.springframework.boot.SpringApplication.run(SpringApplication.java:1215) [spring-boot-2.2.6.RELEASE.jar:2.2.6.RELEASE]
	at io.spring.boot.employee.jdbc.SpringBootEmploeeJdbcApplication.main(SpringBootEmploeeJdbcApplication.java:15) [classes/:na]
	at java.base/jdk.internal.reflect.NativeMethodAccessorImpl.invoke0(Native Method) ~[na:na]
	at java.base/jdk.internal.reflect.NativeMethodAccessorImpl.invoke(NativeMethodAccessorImpl.java:62) ~[na:na]
	at java.base/jdk.internal.reflect.DelegatingMethodAccessorImpl.invoke(DelegatingMethodAccessorImpl.java:43) ~[na:na]
	at java.base/java.lang.reflect.Method.invoke(Method.java:564) ~[na:na]
	at org.springframework.boot.devtools.restart.RestartLauncher.run(RestartLauncher.java:49) [spring-boot-devtools-2.2.6.RELEASE.jar:2.2.6.RELEASE]
Caused by: org.springframework.context.annotation.ConflictingBeanDefinitionException: Annotation-specified bean name 'employeeController' for bean class [io.spring.boot.employee.jdbc.controller.EmployeeController] conflicts with existing, non-compatible bean definition of same name and class [io.spring.boot.employee.jdbc.EmployeeController]
	at org.springframework.context.annotation.ClassPathBeanDefinitionScanner.checkCandidate(ClassPathBeanDefinitionScanner.java:349) ~[spring-context-5.2.5.RELEASE.jar:5.2.5.RELEASE]
	at org.springframework.context.annotation.ClassPathBeanDefinitionScanner.doScan(ClassPathBeanDefinitionScanner.java:287) ~[spring-context-5.2.5.RELEASE.jar:5.2.5.RELEASE]
	at org.springframework.context.annotation.ComponentScanAnnotationParser.parse(ComponentScanAnnotationParser.java:132) ~[spring-context-5.2.5.RELEASE.jar:5.2.5.RELEASE]
	at org.springframework.context.annotation.ConfigurationClassParser.doProcessConfigurationClass(ConfigurationClassParser.java:295) ~[spring-context-5.2.5.RELEASE.jar:5.2.5.RELEASE]
	at org.springframework.context.annotation.ConfigurationClassParser.processConfigurationClass(ConfigurationClassParser.java:249) ~[spring-context-5.2.5.RELEASE.jar:5.2.5.RELEASE]
	at org.springframework.context.annotation.ConfigurationClassParser.parse(ConfigurationClassParser.java:206) ~[spring-context-5.2.5.RELEASE.jar:5.2.5.RELEASE]
	at org.springframework.context.annotation.ConfigurationClassParser.parse(ConfigurationClassParser.java:174) ~[spring-context-5.2.5.RELEASE.jar:5.2.5.RELEASE]
	... 18 common frames omitted

2020-05-12 18:17:23.572  INFO 15364 --- [restartedMain] s.b.e.j.SpringBootEmploeeJdbcApplication : Starting SpringBootEmploeeJdbcApplication on DESKTOP-B5RKS3N with PID 15364 (H:\workspace-springboot\BranchSpringBootEmploeeJDBCRestAPI\target\classes started by Owner in H:\workspace-springboot\BranchSpringBootEmploeeJDBCRestAPI)
2020-05-12 18:17:23.572  INFO 15364 --- [restartedMain] s.b.e.j.SpringBootEmploeeJdbcApplication : No active profile set, falling back to default profiles: default
2020-05-12 18:17:23.603  WARN 15364 --- [restartedMain] ConfigServletWebServerApplicationContext : Exception encountered during context initialization - cancelling refresh attempt: org.springframework.beans.factory.BeanDefinitionStoreException: Failed to parse configuration class [io.spring.boot.employee.jdbc.SpringBootEmploeeJdbcApplication]; nested exception is org.springframework.context.annotation.ConflictingBeanDefinitionException: Annotation-specified bean name 'employeeController' for bean class [io.spring.boot.employee.jdbc.controller.EmployeeController] conflicts with existing, non-compatible bean definition of same name and class [io.spring.boot.employee.jdbc.EmployeeController]
2020-05-12 18:17:23.603 ERROR 15364 --- [restartedMain] o.s.boot.SpringApplication               : Application run failed

org.springframework.beans.factory.BeanDefinitionStoreException: Failed to parse configuration class [io.spring.boot.employee.jdbc.SpringBootEmploeeJdbcApplication]; nested exception is org.springframework.context.annotation.ConflictingBeanDefinitionException: Annotation-specified bean name 'employeeController' for bean class [io.spring.boot.employee.jdbc.controller.EmployeeController] conflicts with existing, non-compatible bean definition of same name and class [io.spring.boot.employee.jdbc.EmployeeController]
	at org.springframework.context.annotation.ConfigurationClassParser.parse(ConfigurationClassParser.java:188) ~[spring-context-5.2.5.RELEASE.jar:5.2.5.RELEASE]
	at org.springframework.context.annotation.ConfigurationClassPostProcessor.processConfigBeanDefinitions(ConfigurationClassPostProcessor.java:319) ~[spring-context-5.2.5.RELEASE.jar:5.2.5.RELEASE]
	at org.springframework.context.annotation.ConfigurationClassPostProcessor.postProcessBeanDefinitionRegistry(ConfigurationClassPostProcessor.java:236) ~[spring-context-5.2.5.RELEASE.jar:5.2.5.RELEASE]
	at org.springframework.context.support.PostProcessorRegistrationDelegate.invokeBeanDefinitionRegistryPostProcessors(PostProcessorRegistrationDelegate.java:275) ~[spring-context-5.2.5.RELEASE.jar:5.2.5.RELEASE]
	at org.springframework.context.support.PostProcessorRegistrationDelegate.invokeBeanFactoryPostProcessors(PostProcessorRegistrationDelegate.java:95) ~[spring-context-5.2.5.RELEASE.jar:5.2.5.RELEASE]
	at org.springframework.context.support.AbstractApplicationContext.invokeBeanFactoryPostProcessors(AbstractApplicationContext.java:706) ~[spring-context-5.2.5.RELEASE.jar:5.2.5.RELEASE]
	at org.springframework.context.support.AbstractApplicationContext.refresh(AbstractApplicationContext.java:532) ~[spring-context-5.2.5.RELEASE.jar:5.2.5.RELEASE]
	at org.springframework.boot.web.servlet.context.ServletWebServerApplicationContext.refresh(ServletWebServerApplicationContext.java:141) ~[spring-boot-2.2.6.RELEASE.jar:2.2.6.RELEASE]
	at org.springframework.boot.SpringApplication.refresh(SpringApplication.java:747) [spring-boot-2.2.6.RELEASE.jar:2.2.6.RELEASE]
	at org.springframework.boot.SpringApplication.refreshContext(SpringApplication.java:397) [spring-boot-2.2.6.RELEASE.jar:2.2.6.RELEASE]
	at org.springframework.boot.SpringApplication.run(SpringApplication.java:315) [spring-boot-2.2.6.RELEASE.jar:2.2.6.RELEASE]
	at org.springframework.boot.SpringApplication.run(SpringApplication.java:1226) [spring-boot-2.2.6.RELEASE.jar:2.2.6.RELEASE]
	at org.springframework.boot.SpringApplication.run(SpringApplication.java:1215) [spring-boot-2.2.6.RELEASE.jar:2.2.6.RELEASE]
	at io.spring.boot.employee.jdbc.SpringBootEmploeeJdbcApplication.main(SpringBootEmploeeJdbcApplication.java:15) [classes/:na]
	at java.base/jdk.internal.reflect.NativeMethodAccessorImpl.invoke0(Native Method) ~[na:na]
	at java.base/jdk.internal.reflect.NativeMethodAccessorImpl.invoke(NativeMethodAccessorImpl.java:62) ~[na:na]
	at java.base/jdk.internal.reflect.DelegatingMethodAccessorImpl.invoke(DelegatingMethodAccessorImpl.java:43) ~[na:na]
	at java.base/java.lang.reflect.Method.invoke(Method.java:564) ~[na:na]
	at org.springframework.boot.devtools.restart.RestartLauncher.run(RestartLauncher.java:49) [spring-boot-devtools-2.2.6.RELEASE.jar:2.2.6.RELEASE]
Caused by: org.springframework.context.annotation.ConflictingBeanDefinitionException: Annotation-specified bean name 'employeeController' for bean class [io.spring.boot.employee.jdbc.controller.EmployeeController] conflicts with existing, non-compatible bean definition of same name and class [io.spring.boot.employee.jdbc.EmployeeController]
	at org.springframework.context.annotation.ClassPathBeanDefinitionScanner.checkCandidate(ClassPathBeanDefinitionScanner.java:349) ~[spring-context-5.2.5.RELEASE.jar:5.2.5.RELEASE]
	at org.springframework.context.annotation.ClassPathBeanDefinitionScanner.doScan(ClassPathBeanDefinitionScanner.java:287) ~[spring-context-5.2.5.RELEASE.jar:5.2.5.RELEASE]
	at org.springframework.context.annotation.ComponentScanAnnotationParser.parse(ComponentScanAnnotationParser.java:132) ~[spring-context-5.2.5.RELEASE.jar:5.2.5.RELEASE]
	at org.springframework.context.annotation.ConfigurationClassParser.doProcessConfigurationClass(ConfigurationClassParser.java:295) ~[spring-context-5.2.5.RELEASE.jar:5.2.5.RELEASE]
	at org.springframework.context.annotation.ConfigurationClassParser.processConfigurationClass(ConfigurationClassParser.java:249) ~[spring-context-5.2.5.RELEASE.jar:5.2.5.RELEASE]
	at org.springframework.context.annotation.ConfigurationClassParser.parse(ConfigurationClassParser.java:206) ~[spring-context-5.2.5.RELEASE.jar:5.2.5.RELEASE]
	at org.springframework.context.annotation.ConfigurationClassParser.parse(ConfigurationClassParser.java:174) ~[spring-context-5.2.5.RELEASE.jar:5.2.5.RELEASE]
	... 18 common frames omitted

2020-05-12 18:17:30.232  INFO 15364 --- [restartedMain] s.b.e.j.SpringBootEmploeeJdbcApplication : Starting SpringBootEmploeeJdbcApplication on DESKTOP-B5RKS3N with PID 15364 (H:\workspace-springboot\BranchSpringBootEmploeeJDBCRestAPI\target\classes started by Owner in H:\workspace-springboot\BranchSpringBootEmploeeJDBCRestAPI)
2020-05-12 18:17:30.232  INFO 15364 --- [restartedMain] s.b.e.j.SpringBootEmploeeJdbcApplication : No active profile set, falling back to default profiles: default
2020-05-12 18:17:30.262  WARN 15364 --- [restartedMain] ConfigServletWebServerApplicationContext : Exception encountered during context initialization - cancelling refresh attempt: org.springframework.beans.factory.BeanDefinitionStoreException: Failed to parse configuration class [io.spring.boot.employee.jdbc.SpringBootEmploeeJdbcApplication]; nested exception is org.springframework.context.annotation.ConflictingBeanDefinitionException: Annotation-specified bean name 'employeeController' for bean class [io.spring.boot.employee.jdbc.controller.EmployeeController] conflicts with existing, non-compatible bean definition of same name and class [io.spring.boot.employee.jdbc.EmployeeController]
2020-05-12 18:17:30.263 ERROR 15364 --- [restartedMain] o.s.boot.SpringApplication               : Application run failed

org.springframework.beans.factory.BeanDefinitionStoreException: Failed to parse configuration class [io.spring.boot.employee.jdbc.SpringBootEmploeeJdbcApplication]; nested exception is org.springframework.context.annotation.ConflictingBeanDefinitionException: Annotation-specified bean name 'employeeController' for bean class [io.spring.boot.employee.jdbc.controller.EmployeeController] conflicts with existing, non-compatible bean definition of same name and class [io.spring.boot.employee.jdbc.EmployeeController]
	at org.springframework.context.annotation.ConfigurationClassParser.parse(ConfigurationClassParser.java:188) ~[spring-context-5.2.5.RELEASE.jar:5.2.5.RELEASE]
	at org.springframework.context.annotation.ConfigurationClassPostProcessor.processConfigBeanDefinitions(ConfigurationClassPostProcessor.java:319) ~[spring-context-5.2.5.RELEASE.jar:5.2.5.RELEASE]
	at org.springframework.context.annotation.ConfigurationClassPostProcessor.postProcessBeanDefinitionRegistry(ConfigurationClassPostProcessor.java:236) ~[spring-context-5.2.5.RELEASE.jar:5.2.5.RELEASE]
	at org.springframework.context.support.PostProcessorRegistrationDelegate.invokeBeanDefinitionRegistryPostProcessors(PostProcessorRegistrationDelegate.java:275) ~[spring-context-5.2.5.RELEASE.jar:5.2.5.RELEASE]
	at org.springframework.context.support.PostProcessorRegistrationDelegate.invokeBeanFactoryPostProcessors(PostProcessorRegistrationDelegate.java:95) ~[spring-context-5.2.5.RELEASE.jar:5.2.5.RELEASE]
	at org.springframework.context.support.AbstractApplicationContext.invokeBeanFactoryPostProcessors(AbstractApplicationContext.java:706) ~[spring-context-5.2.5.RELEASE.jar:5.2.5.RELEASE]
	at org.springframework.context.support.AbstractApplicationContext.refresh(AbstractApplicationContext.java:532) ~[spring-context-5.2.5.RELEASE.jar:5.2.5.RELEASE]
	at org.springframework.boot.web.servlet.context.ServletWebServerApplicationContext.refresh(ServletWebServerApplicationContext.java:141) ~[spring-boot-2.2.6.RELEASE.jar:2.2.6.RELEASE]
	at org.springframework.boot.SpringApplication.refresh(SpringApplication.java:747) [spring-boot-2.2.6.RELEASE.jar:2.2.6.RELEASE]
	at org.springframework.boot.SpringApplication.refreshContext(SpringApplication.java:397) [spring-boot-2.2.6.RELEASE.jar:2.2.6.RELEASE]
	at org.springframework.boot.SpringApplication.run(SpringApplication.java:315) [spring-boot-2.2.6.RELEASE.jar:2.2.6.RELEASE]
	at org.springframework.boot.SpringApplication.run(SpringApplication.java:1226) [spring-boot-2.2.6.RELEASE.jar:2.2.6.RELEASE]
	at org.springframework.boot.SpringApplication.run(SpringApplication.java:1215) [spring-boot-2.2.6.RELEASE.jar:2.2.6.RELEASE]
	at io.spring.boot.employee.jdbc.SpringBootEmploeeJdbcApplication.main(SpringBootEmploeeJdbcApplication.java:15) [classes/:na]
	at java.base/jdk.internal.reflect.NativeMethodAccessorImpl.invoke0(Native Method) ~[na:na]
	at java.base/jdk.internal.reflect.NativeMethodAccessorImpl.invoke(NativeMethodAccessorImpl.java:62) ~[na:na]
	at java.base/jdk.internal.reflect.DelegatingMethodAccessorImpl.invoke(DelegatingMethodAccessorImpl.java:43) ~[na:na]
	at java.base/java.lang.reflect.Method.invoke(Method.java:564) ~[na:na]
	at org.springframework.boot.devtools.restart.RestartLauncher.run(RestartLauncher.java:49) [spring-boot-devtools-2.2.6.RELEASE.jar:2.2.6.RELEASE]
Caused by: org.springframework.context.annotation.ConflictingBeanDefinitionException: Annotation-specified bean name 'employeeController' for bean class [io.spring.boot.employee.jdbc.controller.EmployeeController] conflicts with existing, non-compatible bean definition of same name and class [io.spring.boot.employee.jdbc.EmployeeController]
	at org.springframework.context.annotation.ClassPathBeanDefinitionScanner.checkCandidate(ClassPathBeanDefinitionScanner.java:349) ~[spring-context-5.2.5.RELEASE.jar:5.2.5.RELEASE]
	at org.springframework.context.annotation.ClassPathBeanDefinitionScanner.doScan(ClassPathBeanDefinitionScanner.java:287) ~[spring-context-5.2.5.RELEASE.jar:5.2.5.RELEASE]
	at org.springframework.context.annotation.ComponentScanAnnotationParser.parse(ComponentScanAnnotationParser.java:132) ~[spring-context-5.2.5.RELEASE.jar:5.2.5.RELEASE]
	at org.springframework.context.annotation.ConfigurationClassParser.doProcessConfigurationClass(ConfigurationClassParser.java:295) ~[spring-context-5.2.5.RELEASE.jar:5.2.5.RELEASE]
	at org.springframework.context.annotation.ConfigurationClassParser.processConfigurationClass(ConfigurationClassParser.java:249) ~[spring-context-5.2.5.RELEASE.jar:5.2.5.RELEASE]
	at org.springframework.context.annotation.ConfigurationClassParser.parse(ConfigurationClassParser.java:206) ~[spring-context-5.2.5.RELEASE.jar:5.2.5.RELEASE]
	at org.springframework.context.annotation.ConfigurationClassParser.parse(ConfigurationClassParser.java:174) ~[spring-context-5.2.5.RELEASE.jar:5.2.5.RELEASE]
	... 18 common frames omitted

2020-05-12 18:18:39.647  INFO 15364 --- [restartedMain] s.b.e.j.SpringBootEmploeeJdbcApplication : Starting SpringBootEmploeeJdbcApplication on DESKTOP-B5RKS3N with PID 15364 (H:\workspace-springboot\BranchSpringBootEmploeeJDBCRestAPI\target\classes started by Owner in H:\workspace-springboot\BranchSpringBootEmploeeJDBCRestAPI)
2020-05-12 18:18:39.647  INFO 15364 --- [restartedMain] s.b.e.j.SpringBootEmploeeJdbcApplication : No active profile set, falling back to default profiles: default
2020-05-12 18:18:39.955  INFO 15364 --- [restartedMain] o.s.b.w.embedded.tomcat.TomcatWebServer  : Tomcat initialized with port(s): 8080 (http)
2020-05-12 18:18:39.955  INFO 15364 --- [restartedMain] o.apache.catalina.core.StandardService   : Starting service [Tomcat]
2020-05-12 18:18:39.955  INFO 15364 --- [restartedMain] org.apache.catalina.core.StandardEngine  : Starting Servlet engine: [Apache Tomcat/9.0.33]
2020-05-12 18:18:39.955  INFO 15364 --- [restartedMain] o.a.catalina.core.AprLifecycleListener   : An older version [1.2.16] of the APR based Apache Tomcat Native library is installed, while Tomcat recommends a minimum version of [1.2.23]
2020-05-12 18:18:39.955  INFO 15364 --- [restartedMain] o.a.catalina.core.AprLifecycleListener   : Loaded APR based Apache Tomcat Native library [1.2.16] using APR version [1.6.3].
2020-05-12 18:18:39.955  INFO 15364 --- [restartedMain] o.a.catalina.core.AprLifecycleListener   : APR capabilities: IPv6 [true], sendfile [true], accept filters [false], random [true].
2020-05-12 18:18:39.955  INFO 15364 --- [restartedMain] o.a.catalina.core.AprLifecycleListener   : APR/OpenSSL configuration: useAprConnector [false], useOpenSSL [true]
2020-05-12 18:18:39.971  INFO 15364 --- [restartedMain] o.a.catalina.core.AprLifecycleListener   : OpenSSL successfully initialized [OpenSSL 1.0.2m  2 Nov 2017]
2020-05-12 18:18:40.087  INFO 15364 --- [restartedMain] org.apache.jasper.servlet.TldScanner     : At least one JAR was scanned for TLDs yet contained no TLDs. Enable debug logging for this logger for a complete list of JARs that were scanned but no TLDs were found in them. Skipping unneeded JARs during scanning can improve startup time and JSP compilation time.
2020-05-12 18:18:40.087  INFO 15364 --- [restartedMain] o.a.c.c.C.[Tomcat].[localhost].[/]       : Initializing Spring embedded WebApplicationContext
2020-05-12 18:18:40.087  INFO 15364 --- [restartedMain] o.s.web.context.ContextLoader            : Root WebApplicationContext: initialization completed in 440 ms
2020-05-12 18:18:40.247  INFO 15364 --- [restartedMain] o.s.s.concurrent.ThreadPoolTaskExecutor  : Initializing ExecutorService 'applicationTaskExecutor'
2020-05-12 18:18:40.336  INFO 15364 --- [restartedMain] o.s.b.d.a.OptionalLiveReloadServer       : LiveReload server is running on port 35729
2020-05-12 18:18:40.369  INFO 15364 --- [restartedMain] o.s.b.w.embedded.tomcat.TomcatWebServer  : Tomcat started on port(s): 8080 (http) with context path ''
2020-05-12 18:18:40.370  INFO 15364 --- [restartedMain] s.b.e.j.SpringBootEmploeeJdbcApplication : Started SpringBootEmploeeJdbcApplication in 0.785 seconds (JVM running for 691.702)
2020-05-12 18:18:40.372  INFO 15364 --- [restartedMain] .ConditionEvaluationDeltaLoggingListener : Condition evaluation unchanged
2020-05-12 18:18:40.372 ERROR 15364 --- [restartedMain] s.b.e.j.SpringBootEmploeeJdbcApplication : Message logged at error level
2020-05-12 18:18:40.372  WARN 15364 --- [restartedMain] s.b.e.j.SpringBootEmploeeJdbcApplication : Message logged at warn level
2020-05-12 18:18:40.372  INFO 15364 --- [restartedMain] s.b.e.j.SpringBootEmploeeJdbcApplication : Message logged at info level
2020-05-12 18:18:46.987  INFO 15364 --- [Thread-8] o.s.s.concurrent.ThreadPoolTaskExecutor  : Shutting down ExecutorService 'applicationTaskExecutor'
2020-05-12 18:18:47.486  INFO 15364 --- [restartedMain] s.b.e.j.SpringBootEmploeeJdbcApplication : Starting SpringBootEmploeeJdbcApplication on DESKTOP-B5RKS3N with PID 15364 (H:\workspace-springboot\BranchSpringBootEmploeeJDBCRestAPI\target\classes started by Owner in H:\workspace-springboot\BranchSpringBootEmploeeJDBCRestAPI)
2020-05-12 18:18:47.486  INFO 15364 --- [restartedMain] s.b.e.j.SpringBootEmploeeJdbcApplication : No active profile set, falling back to default profiles: default
2020-05-12 18:18:47.770  INFO 15364 --- [restartedMain] o.s.b.w.embedded.tomcat.TomcatWebServer  : Tomcat initialized with port(s): 8080 (http)
2020-05-12 18:18:47.771  INFO 15364 --- [restartedMain] o.apache.catalina.core.StandardService   : Starting service [Tomcat]
2020-05-12 18:18:47.771  INFO 15364 --- [restartedMain] org.apache.catalina.core.StandardEngine  : Starting Servlet engine: [Apache Tomcat/9.0.33]
2020-05-12 18:18:47.772  INFO 15364 --- [restartedMain] o.a.catalina.core.AprLifecycleListener   : An older version [1.2.16] of the APR based Apache Tomcat Native library is installed, while Tomcat recommends a minimum version of [1.2.23]
2020-05-12 18:18:47.772  INFO 15364 --- [restartedMain] o.a.catalina.core.AprLifecycleListener   : Loaded APR based Apache Tomcat Native library [1.2.16] using APR version [1.6.3].
2020-05-12 18:18:47.772  INFO 15364 --- [restartedMain] o.a.catalina.core.AprLifecycleListener   : APR capabilities: IPv6 [true], sendfile [true], accept filters [false], random [true].
2020-05-12 18:18:47.772  INFO 15364 --- [restartedMain] o.a.catalina.core.AprLifecycleListener   : APR/OpenSSL configuration: useAprConnector [false], useOpenSSL [true]
2020-05-12 18:18:47.773  INFO 15364 --- [restartedMain] o.a.catalina.core.AprLifecycleListener   : OpenSSL successfully initialized [OpenSSL 1.0.2m  2 Nov 2017]
2020-05-12 18:18:47.870  INFO 15364 --- [restartedMain] org.apache.jasper.servlet.TldScanner     : At least one JAR was scanned for TLDs yet contained no TLDs. Enable debug logging for this logger for a complete list of JARs that were scanned but no TLDs were found in them. Skipping unneeded JARs during scanning can improve startup time and JSP compilation time.
2020-05-12 18:18:47.870  INFO 15364 --- [restartedMain] o.a.c.c.C.[Tomcat].[localhost].[/]       : Initializing Spring embedded WebApplicationContext
2020-05-12 18:18:47.870  INFO 15364 --- [restartedMain] o.s.web.context.ContextLoader            : Root WebApplicationContext: initialization completed in 384 ms
2020-05-12 18:18:47.948  INFO 15364 --- [restartedMain] o.s.s.concurrent.ThreadPoolTaskExecutor  : Initializing ExecutorService 'applicationTaskExecutor'
2020-05-12 18:18:48.034  INFO 15364 --- [restartedMain] o.s.b.d.a.OptionalLiveReloadServer       : LiveReload server is running on port 35729
2020-05-12 18:18:48.057  INFO 15364 --- [restartedMain] o.s.b.w.embedded.tomcat.TomcatWebServer  : Tomcat started on port(s): 8080 (http) with context path ''
2020-05-12 18:18:48.057  INFO 15364 --- [restartedMain] s.b.e.j.SpringBootEmploeeJdbcApplication : Started SpringBootEmploeeJdbcApplication in 0.603 seconds (JVM running for 699.396)
2020-05-12 18:18:48.057  INFO 15364 --- [restartedMain] .ConditionEvaluationDeltaLoggingListener : Condition evaluation unchanged
2020-05-12 18:18:48.057 ERROR 15364 --- [restartedMain] s.b.e.j.SpringBootEmploeeJdbcApplication : Message logged at error level
2020-05-12 18:18:48.057  WARN 15364 --- [restartedMain] s.b.e.j.SpringBootEmploeeJdbcApplication : Message logged at warn level
2020-05-12 18:18:48.057  INFO 15364 --- [restartedMain] s.b.e.j.SpringBootEmploeeJdbcApplication : Message logged at info level
2020-05-12 18:18:56.788  INFO 15364 --- [Thread-23] o.s.s.concurrent.ThreadPoolTaskExecutor  : Shutting down ExecutorService 'applicationTaskExecutor'
2020-05-12 18:18:57.343  INFO 15364 --- [restartedMain] s.b.e.j.SpringBootEmploeeJdbcApplication : Starting SpringBootEmploeeJdbcApplication on DESKTOP-B5RKS3N with PID 15364 (H:\workspace-springboot\BranchSpringBootEmploeeJDBCRestAPI\target\classes started by Owner in H:\workspace-springboot\BranchSpringBootEmploeeJDBCRestAPI)
2020-05-12 18:18:57.343  INFO 15364 --- [restartedMain] s.b.e.j.SpringBootEmploeeJdbcApplication : No active profile set, falling back to default profiles: default
2020-05-12 18:18:57.631  INFO 15364 --- [restartedMain] o.s.b.w.embedded.tomcat.TomcatWebServer  : Tomcat initialized with port(s): 8080 (http)
2020-05-12 18:18:57.631  INFO 15364 --- [restartedMain] o.apache.catalina.core.StandardService   : Starting service [Tomcat]
2020-05-12 18:18:57.631  INFO 15364 --- [restartedMain] org.apache.catalina.core.StandardEngine  : Starting Servlet engine: [Apache Tomcat/9.0.33]
2020-05-12 18:18:57.631  INFO 15364 --- [restartedMain] o.a.catalina.core.AprLifecycleListener   : An older version [1.2.16] of the APR based Apache Tomcat Native library is installed, while Tomcat recommends a minimum version of [1.2.23]
2020-05-12 18:18:57.631  INFO 15364 --- [restartedMain] o.a.catalina.core.AprLifecycleListener   : Loaded APR based Apache Tomcat Native library [1.2.16] using APR version [1.6.3].
2020-05-12 18:18:57.631  INFO 15364 --- [restartedMain] o.a.catalina.core.AprLifecycleListener   : APR capabilities: IPv6 [true], sendfile [true], accept filters [false], random [true].
2020-05-12 18:18:57.631  INFO 15364 --- [restartedMain] o.a.catalina.core.AprLifecycleListener   : APR/OpenSSL configuration: useAprConnector [false], useOpenSSL [true]
2020-05-12 18:18:57.631  INFO 15364 --- [restartedMain] o.a.catalina.core.AprLifecycleListener   : OpenSSL successfully initialized [OpenSSL 1.0.2m  2 Nov 2017]
2020-05-12 18:18:57.725  INFO 15364 --- [restartedMain] org.apache.jasper.servlet.TldScanner     : At least one JAR was scanned for TLDs yet contained no TLDs. Enable debug logging for this logger for a complete list of JARs that were scanned but no TLDs were found in them. Skipping unneeded JARs during scanning can improve startup time and JSP compilation time.
2020-05-12 18:18:57.725  INFO 15364 --- [restartedMain] o.a.c.c.C.[Tomcat].[localhost].[/]       : Initializing Spring embedded WebApplicationContext
2020-05-12 18:18:57.740  INFO 15364 --- [restartedMain] o.s.web.context.ContextLoader            : Root WebApplicationContext: initialization completed in 397 ms
2020-05-12 18:18:57.779  WARN 15364 --- [restartedMain] ConfigServletWebServerApplicationContext : Exception encountered during context initialization - cancelling refresh attempt: org.springframework.beans.factory.BeanCreationException: Error creating bean with name 'employeeController': Lookup method resolution failed; nested exception is java.lang.IllegalStateException: Failed to introspect Class [io.spring.boot.employee.jdbc.controller.EmployeeController] from ClassLoader [org.springframework.boot.devtools.restart.classloader.RestartClassLoader@52c29d85]
2020-05-12 18:18:57.779  INFO 15364 --- [restartedMain] o.apache.catalina.core.StandardService   : Stopping service [Tomcat]
2020-05-12 18:18:57.779  INFO 15364 --- [restartedMain] ConditionEvaluationReportLoggingListener : 

Error starting ApplicationContext. To display the conditions report re-run your application with 'debug' enabled.
2020-05-12 18:18:57.779 ERROR 15364 --- [restartedMain] o.s.boot.SpringApplication               : Application run failed

org.springframework.beans.factory.BeanCreationException: Error creating bean with name 'employeeController': Lookup method resolution failed; nested exception is java.lang.IllegalStateException: Failed to introspect Class [io.spring.boot.employee.jdbc.controller.EmployeeController] from ClassLoader [org.springframework.boot.devtools.restart.classloader.RestartClassLoader@52c29d85]
	at org.springframework.beans.factory.annotation.AutowiredAnnotationBeanPostProcessor.determineCandidateConstructors(AutowiredAnnotationBeanPostProcessor.java:289) ~[spring-beans-5.2.5.RELEASE.jar:5.2.5.RELEASE]
	at org.springframework.beans.factory.support.AbstractAutowireCapableBeanFactory.determineConstructorsFromBeanPostProcessors(AbstractAutowireCapableBeanFactory.java:1286) ~[spring-beans-5.2.5.RELEASE.jar:5.2.5.RELEASE]
	at org.springframework.beans.factory.support.AbstractAutowireCapableBeanFactory.createBeanInstance(AbstractAutowireCapableBeanFactory.java:1201) ~[spring-beans-5.2.5.RELEASE.jar:5.2.5.RELEASE]
	at org.springframework.beans.factory.support.AbstractAutowireCapableBeanFactory.doCreateBean(AbstractAutowireCapableBeanFactory.java:557) ~[spring-beans-5.2.5.RELEASE.jar:5.2.5.RELEASE]
	at org.springframework.beans.factory.support.AbstractAutowireCapableBeanFactory.createBean(AbstractAutowireCapableBeanFactory.java:517) ~[spring-beans-5.2.5.RELEASE.jar:5.2.5.RELEASE]
	at org.springframework.beans.factory.support.AbstractBeanFactory.lambda$doGetBean$0(AbstractBeanFactory.java:323) ~[spring-beans-5.2.5.RELEASE.jar:5.2.5.RELEASE]
	at org.springframework.beans.factory.support.DefaultSingletonBeanRegistry.getSingleton(DefaultSingletonBeanRegistry.java:222) ~[spring-beans-5.2.5.RELEASE.jar:5.2.5.RELEASE]
	at org.springframework.beans.factory.support.AbstractBeanFactory.doGetBean(AbstractBeanFactory.java:321) ~[spring-beans-5.2.5.RELEASE.jar:5.2.5.RELEASE]
	at org.springframework.beans.factory.support.AbstractBeanFactory.getBean(AbstractBeanFactory.java:202) ~[spring-beans-5.2.5.RELEASE.jar:5.2.5.RELEASE]
	at org.springframework.beans.factory.support.DefaultListableBeanFactory.preInstantiateSingletons(DefaultListableBeanFactory.java:882) ~[spring-beans-5.2.5.RELEASE.jar:5.2.5.RELEASE]
	at org.springframework.context.support.AbstractApplicationContext.finishBeanFactoryInitialization(AbstractApplicationContext.java:878) ~[spring-context-5.2.5.RELEASE.jar:5.2.5.RELEASE]
	at org.springframework.context.support.AbstractApplicationContext.refresh(AbstractApplicationContext.java:550) ~[spring-context-5.2.5.RELEASE.jar:5.2.5.RELEASE]
	at org.springframework.boot.web.servlet.context.ServletWebServerApplicationContext.refresh(ServletWebServerApplicationContext.java:141) ~[spring-boot-2.2.6.RELEASE.jar:2.2.6.RELEASE]
	at org.springframework.boot.SpringApplication.refresh(SpringApplication.java:747) [spring-boot-2.2.6.RELEASE.jar:2.2.6.RELEASE]
	at org.springframework.boot.SpringApplication.refreshContext(SpringApplication.java:397) [spring-boot-2.2.6.RELEASE.jar:2.2.6.RELEASE]
	at org.springframework.boot.SpringApplication.run(SpringApplication.java:315) [spring-boot-2.2.6.RELEASE.jar:2.2.6.RELEASE]
	at org.springframework.boot.SpringApplication.run(SpringApplication.java:1226) [spring-boot-2.2.6.RELEASE.jar:2.2.6.RELEASE]
	at org.springframework.boot.SpringApplication.run(SpringApplication.java:1215) [spring-boot-2.2.6.RELEASE.jar:2.2.6.RELEASE]
	at io.spring.boot.employee.jdbc.SpringBootEmploeeJdbcApplication.main(SpringBootEmploeeJdbcApplication.java:15) [classes/:na]
	at java.base/jdk.internal.reflect.NativeMethodAccessorImpl.invoke0(Native Method) ~[na:na]
	at java.base/jdk.internal.reflect.NativeMethodAccessorImpl.invoke(NativeMethodAccessorImpl.java:62) ~[na:na]
	at java.base/jdk.internal.reflect.DelegatingMethodAccessorImpl.invoke(DelegatingMethodAccessorImpl.java:43) ~[na:na]
	at java.base/java.lang.reflect.Method.invoke(Method.java:564) ~[na:na]
	at org.springframework.boot.devtools.restart.RestartLauncher.run(RestartLauncher.java:49) [spring-boot-devtools-2.2.6.RELEASE.jar:2.2.6.RELEASE]
Caused by: java.lang.IllegalStateException: Failed to introspect Class [io.spring.boot.employee.jdbc.controller.EmployeeController] from ClassLoader [org.springframework.boot.devtools.restart.classloader.RestartClassLoader@52c29d85]
	at org.springframework.util.ReflectionUtils.getDeclaredMethods(ReflectionUtils.java:481) ~[spring-core-5.2.5.RELEASE.jar:5.2.5.RELEASE]
	at org.springframework.util.ReflectionUtils.doWithLocalMethods(ReflectionUtils.java:321) ~[spring-core-5.2.5.RELEASE.jar:5.2.5.RELEASE]
	at org.springframework.beans.factory.annotation.AutowiredAnnotationBeanPostProcessor.determineCandidateConstructors(AutowiredAnnotationBeanPostProcessor.java:267) ~[spring-beans-5.2.5.RELEASE.jar:5.2.5.RELEASE]
	... 23 common frames omitted
Caused by: java.lang.NoClassDefFoundError: Employee
	at java.base/java.lang.Class.getDeclaredMethods0(Native Method) ~[na:na]
	at java.base/java.lang.Class.privateGetDeclaredMethods(Class.java:3139) ~[na:na]
	at java.base/java.lang.Class.getDeclaredMethods(Class.java:2266) ~[na:na]
	at org.springframework.util.ReflectionUtils.getDeclaredMethods(ReflectionUtils.java:463) ~[spring-core-5.2.5.RELEASE.jar:5.2.5.RELEASE]
	... 25 common frames omitted
Caused by: java.lang.ClassNotFoundException: Employee
	at java.base/jdk.internal.loader.BuiltinClassLoader.loadClass(BuiltinClassLoader.java:582) ~[na:na]
	at java.base/jdk.internal.loader.ClassLoaders$AppClassLoader.loadClass(ClassLoaders.java:185) ~[na:na]
	at java.base/java.lang.ClassLoader.loadClass(ClassLoader.java:496) ~[na:na]
	at org.springframework.boot.devtools.restart.classloader.RestartClassLoader.loadClass(RestartClassLoader.java:144) ~[spring-boot-devtools-2.2.6.RELEASE.jar:2.2.6.RELEASE]
	at java.base/java.lang.ClassLoader.loadClass(ClassLoader.java:496) ~[na:na]
	... 29 common frames omitted

2020-05-12 18:19:14.622  INFO 15364 --- [restartedMain] s.b.e.j.SpringBootEmploeeJdbcApplication : Starting SpringBootEmploeeJdbcApplication on DESKTOP-B5RKS3N with PID 15364 (H:\workspace-springboot\BranchSpringBootEmploeeJDBCRestAPI\target\classes started by Owner in H:\workspace-springboot\BranchSpringBootEmploeeJDBCRestAPI)
2020-05-12 18:19:14.622  INFO 15364 --- [restartedMain] s.b.e.j.SpringBootEmploeeJdbcApplication : No active profile set, falling back to default profiles: default
2020-05-12 18:19:14.932  INFO 15364 --- [restartedMain] o.s.b.w.embedded.tomcat.TomcatWebServer  : Tomcat initialized with port(s): 8080 (http)
2020-05-12 18:19:14.932  INFO 15364 --- [restartedMain] o.apache.catalina.core.StandardService   : Starting service [Tomcat]
2020-05-12 18:19:14.932  INFO 15364 --- [restartedMain] org.apache.catalina.core.StandardEngine  : Starting Servlet engine: [Apache Tomcat/9.0.33]
2020-05-12 18:19:14.932  INFO 15364 --- [restartedMain] o.a.catalina.core.AprLifecycleListener   : An older version [1.2.16] of the APR based Apache Tomcat Native library is installed, while Tomcat recommends a minimum version of [1.2.23]
2020-05-12 18:19:14.932  INFO 15364 --- [restartedMain] o.a.catalina.core.AprLifecycleListener   : Loaded APR based Apache Tomcat Native library [1.2.16] using APR version [1.6.3].
2020-05-12 18:19:14.932  INFO 15364 --- [restartedMain] o.a.catalina.core.AprLifecycleListener   : APR capabilities: IPv6 [true], sendfile [true], accept filters [false], random [true].
2020-05-12 18:19:14.932  INFO 15364 --- [restartedMain] o.a.catalina.core.AprLifecycleListener   : APR/OpenSSL configuration: useAprConnector [false], useOpenSSL [true]
2020-05-12 18:19:14.932  INFO 15364 --- [restartedMain] o.a.catalina.core.AprLifecycleListener   : OpenSSL successfully initialized [OpenSSL 1.0.2m  2 Nov 2017]
2020-05-12 18:19:15.017  INFO 15364 --- [restartedMain] org.apache.jasper.servlet.TldScanner     : At least one JAR was scanned for TLDs yet contained no TLDs. Enable debug logging for this logger for a complete list of JARs that were scanned but no TLDs were found in them. Skipping unneeded JARs during scanning can improve startup time and JSP compilation time.
2020-05-12 18:19:15.017  INFO 15364 --- [restartedMain] o.a.c.c.C.[Tomcat-1].[localhost].[/]     : Initializing Spring embedded WebApplicationContext
2020-05-12 18:19:15.017  INFO 15364 --- [restartedMain] o.s.web.context.ContextLoader            : Root WebApplicationContext: initialization completed in 395 ms
2020-05-12 18:19:15.110  INFO 15364 --- [restartedMain] o.s.s.concurrent.ThreadPoolTaskExecutor  : Initializing ExecutorService 'applicationTaskExecutor'
2020-05-12 18:19:15.173  INFO 15364 --- [restartedMain] o.s.b.d.a.OptionalLiveReloadServer       : LiveReload server is running on port 35729
2020-05-12 18:19:15.204  INFO 15364 --- [restartedMain] o.s.b.w.embedded.tomcat.TomcatWebServer  : Tomcat started on port(s): 8080 (http) with context path ''
2020-05-12 18:19:15.205  INFO 15364 --- [restartedMain] s.b.e.j.SpringBootEmploeeJdbcApplication : Started SpringBootEmploeeJdbcApplication in 0.615 seconds (JVM running for 726.537)
2020-05-12 18:19:15.207  INFO 15364 --- [restartedMain] .ConditionEvaluationDeltaLoggingListener : Condition evaluation unchanged
2020-05-12 18:19:15.207 ERROR 15364 --- [restartedMain] s.b.e.j.SpringBootEmploeeJdbcApplication : Message logged at error level
2020-05-12 18:19:15.207  WARN 15364 --- [restartedMain] s.b.e.j.SpringBootEmploeeJdbcApplication : Message logged at warn level
2020-05-12 18:19:15.207  INFO 15364 --- [restartedMain] s.b.e.j.SpringBootEmploeeJdbcApplication : Message logged at info level
